0 info it worked if it ends with ok
1 verbose cli [ '/usr/local/Cellar/node/6.2.1/bin/node',
1 verbose cli   '/usr/local/bin/npm',
1 verbose cli   'run',
1 verbose cli   'create-bundle' ]
2 info using npm@3.9.3
3 info using node@v6.2.1
4 verbose run-script [ 'precreate-bundle', 'create-bundle', 'postcreate-bundle' ]
5 info lifecycle pixter1@1.0.0~precreate-bundle: pixter1@1.0.0
6 silly lifecycle pixter1@1.0.0~precreate-bundle: no script for precreate-bundle, continuing
7 info lifecycle pixter1@1.0.0~create-bundle: pixter1@1.0.0
8 verbose lifecycle pixter1@1.0.0~create-bundle: unsafe-perm in lifecycle true
9 verbose lifecycle pixter1@1.0.0~create-bundle: PATH: /usr/local/lib/node_modules/npm/bin/node-gyp-bin:/Library/WebServer/Documents/pixter1/node_modules/.bin:/usr/local/Cellar/node/6.2.1/bin:/usr/local/bin:/usr/bin:/bin:/usr/sbin:/sbin
10 verbose lifecycle pixter1@1.0.0~create-bundle: CWD: /Library/WebServer/Documents/pixter1
11 silly lifecycle pixter1@1.0.0~create-bundle: Args: [ '-c', 'node ./node_scripts/create-bundle.js' ]
12 silly lifecycle pixter1@1.0.0~create-bundle: Returned: code: 1  signal: null
13 info lifecycle pixter1@1.0.0~create-bundle: Failed to exec create-bundle script
14 verbose stack Error: pixter1@1.0.0 create-bundle: `node ./node_scripts/create-bundle.js`
14 verbose stack Exit status 1
14 verbose stack     at EventEmitter.<anonymous> (/usr/local/lib/node_modules/npm/lib/utils/lifecycle.js:245:16)
14 verbose stack     at emitTwo (events.js:106:13)
14 verbose stack     at EventEmitter.emit (events.js:191:7)
14 verbose stack     at ChildProcess.<anonymous> (/usr/local/lib/node_modules/npm/lib/utils/spawn.js:24:14)
14 verbose stack     at emitTwo (events.js:106:13)
14 verbose stack     at ChildProcess.emit (events.js:191:7)
14 verbose stack     at maybeClose (internal/child_process.js:852:16)
14 verbose stack     at Process.ChildProcess._handle.onexit (internal/child_process.js:215:5)
15 verbose pkgid pixter1@1.0.0
16 verbose cwd /Library/WebServer/Documents/pixter1/node_scripts
17 error Darwin 15.3.0
18 error argv "/usr/local/Cellar/node/6.2.1/bin/node" "/usr/local/bin/npm" "run" "create-bundle"
19 error node v6.2.1
20 error npm  v3.9.3
21 error code ELIFECYCLE
22 error pixter1@1.0.0 create-bundle: `node ./node_scripts/create-bundle.js`
22 error Exit status 1
23 error Failed at the pixter1@1.0.0 create-bundle script 'node ./node_scripts/create-bundle.js'.
23 error Make sure you have the latest version of node.js and npm installed.
23 error If you do, this is most likely a problem with the pixter1 package,
23 error not with npm itself.
23 error Tell the author that this fails on your system:
23 error     node ./node_scripts/create-bundle.js
23 error You can get information on how to open an issue for this project with:
23 error     npm bugs pixter1
23 error Or if that isn't available, you can get their info via:
23 error     npm owner ls pixter1
23 error There is likely additional logging output above.
24 verbose exit [ 1, true ]
